{"numTotalTestSuites":158,"numPassedTestSuites":151,"numFailedTestSuites":7,"numPendingTestSuites":0,"numTotalTests":321,"numPassedTests":321,"numFailedTests":0,"numPendingTests":312,"numTodoTests":0,"startTime":1752859165346,"success":false,"testResults":[{"assertionResults":[{"ancestorTitles":["","DataCollectionPipeline","initialization"],"fullName":" DataCollectionPipeline initialization should initialize successfully","status":"pending","title":"should initialize successfully","duration":0,"failureMessages":[]},{"ancestorTitles":["","DataCollectionPipeline","data source management"],"fullName":" DataCollectionPipeline data source management should add a new data source","status":"pending","title":"should add a new data source","duration":0,"failureMessages":[]},{"ancestorTitles":["","DataCollectionPipeline","data source management"],"fullName":" DataCollectionPipeline data source management should update an existing data source","status":"pending","title":"should update an existing data source","duration":0,"failureMessages":[]},{"ancestorTitles":["","DataCollectionPipeline","data source management"],"fullName":" DataCollectionPipeline data source management should remove a data source","status":"pending","title":"should remove a data source","duration":0,"failureMessages":[]},{"ancestorTitles":["","DataCollectionPipeline","data source management"],"fullName":" DataCollectionPipeline data source management should throw error when updating non-existent source","status":"pending","title":"should throw error when updating non-existent source","duration":0,"failureMessages":[]},{"ancestorTitles":["","DataCollectionPipeline","data source management"],"fullName":" DataCollectionPipeline data source management should throw error when removing non-existent source","status":"pending","title":"should throw error when removing non-existent source","duration":0,"failureMessages":[]},{"ancestorTitles":["","DataCollectionPipeline","data collection"],"fullName":" DataCollectionPipeline data collection should collect data from a search engine source","status":"pending","title":"should collect data from a search engine source","duration":0,"failureMessages":[]},{"ancestorTitles":["","DataCollectionPipeline","data collection"],"fullName":" DataCollectionPipeline data collection should handle collection errors gracefully","status":"pending","title":"should handle collection errors gracefully","duration":0,"failureMessages":[]},{"ancestorTitles":["","DataCollectionPipeline","data collection"],"fullName":" DataCollectionPipeline data collection should not collect from inactive sources","status":"pending","title":"should not collect from inactive sources","duration":0,"failureMessages":[]},{"ancestorTitles":["","DataCollectionPipeline","statistics"],"fullName":" DataCollectionPipeline statistics should return accurate pipeline statistics","status":"pending","title":"should return accurate pipeline statistics","duration":0,"failureMessages":[]},{"ancestorTitles":["","DataCollectionPipeline","scheduled collection"],"fullName":" DataCollectionPipeline scheduled collection should run scheduled collection for all active sources","status":"pending","title":"should run scheduled collection for all active sources","duration":0,"failureMessages":[]},{"ancestorTitles":["","DataCollectionPipeline","event emission"],"fullName":" DataCollectionPipeline event emission should emit events for source operations","status":"pending","title":"should emit events for source operations","duration":0,"failureMessages":[]},{"ancestorTitles":["","DataCollectionPipeline","event emission"],"fullName":" DataCollectionPipeline event emission should emit events for job operations","status":"pending","title":"should emit events for job operations","duration":0,"failureMessages":[]}],"startTime":1752859166918,"endTime":1752859166919,"status":"passed","message":"","name":"/home/pricepro2006/CrewAI_Team/src/core/data-collection/DataCollectionPipeline.test.ts"},{"assertionResults":[{"ancestorTitles":["","TaskQueue","enqueue"],"fullName":" TaskQueue enqueue should add tasks to the queue","status":"pending","title":"should add tasks to the queue","duration":0,"failureMessages":[]},{"ancestorTitles":["","TaskQueue","enqueue"],"fullName":" TaskQueue enqueue should order tasks by priority","status":"pending","title":"should order tasks by priority","duration":0,"failureMessages":[]},{"ancestorTitles":["","TaskQueue","enqueue"],"fullName":" TaskQueue enqueue should handle tasks without priority","status":"pending","title":"should handle tasks without priority","duration":0,"failureMessages":[]},{"ancestorTitles":["","TaskQueue","dequeue"],"fullName":" TaskQueue dequeue should return null for empty queue","status":"pending","title":"should return null for empty queue","duration":0,"failureMessages":[]},{"ancestorTitles":["","TaskQueue","dequeue"],"fullName":" TaskQueue dequeue should remove and return the highest priority task","status":"pending","title":"should remove and return the highest priority task","duration":0,"failureMessages":[]},{"ancestorTitles":["","TaskQueue","dequeue"],"fullName":" TaskQueue dequeue should maintain FIFO order for same priority","status":"pending","title":"should maintain FIFO order for same priority","duration":0,"failureMessages":[]},{"ancestorTitles":["","TaskQueue","peek"],"fullName":" TaskQueue peek should return the next task without removing it","status":"pending","title":"should return the next task without removing it","duration":0,"failureMessages":[]},{"ancestorTitles":["","TaskQueue","peek"],"fullName":" TaskQueue peek should return null for empty queue","status":"pending","title":"should return null for empty queue","duration":0,"failureMessages":[]},{"ancestorTitles":["","TaskQueue","clear"],"fullName":" TaskQueue clear should remove all tasks from the queue","status":"pending","title":"should remove all tasks from the queue","duration":0,"failureMessages":[]},{"ancestorTitles":["","TaskQueue","isEmpty"],"fullName":" TaskQueue isEmpty should return true for empty queue","status":"pending","title":"should return true for empty queue","duration":0,"failureMessages":[]},{"ancestorTitles":["","TaskQueue","isEmpty"],"fullName":" TaskQueue isEmpty should return false for non-empty queue","status":"pending","title":"should return false for non-empty queue","duration":0,"failureMessages":[]},{"ancestorTitles":["","TaskQueue","size"],"fullName":" TaskQueue size should return the correct number of tasks","status":"pending","title":"should return the correct number of tasks","duration":0,"failureMessages":[]},{"ancestorTitles":["","TaskQueue","toArray"],"fullName":" TaskQueue toArray should return all tasks in priority order","status":"pending","title":"should return all tasks in priority order","duration":0,"failureMessages":[]},{"ancestorTitles":["","TaskQueue","toArray"],"fullName":" TaskQueue toArray should not modify the original queue","status":"pending","title":"should not modify the original queue","duration":0,"failureMessages":[]},{"ancestorTitles":["","TaskQueue","findById"],"fullName":" TaskQueue findById should find a task by ID","status":"pending","title":"should find a task by ID","duration":0,"failureMessages":[]},{"ancestorTitles":["","TaskQueue","findById"],"fullName":" TaskQueue findById should return null if task not found","status":"pending","title":"should return null if task not found","duration":0,"failureMessages":[]},{"ancestorTitles":["","TaskQueue","removeById"],"fullName":" TaskQueue removeById should remove a task by ID","status":"pending","title":"should remove a task by ID","duration":0,"failureMessages":[]},{"ancestorTitles":["","TaskQueue","removeById"],"fullName":" TaskQueue removeById should return false if task not found","status":"pending","title":"should return false if task not found","duration":0,"failureMessages":[]},{"ancestorTitles":["","TaskQueue","concurrent operations"],"fullName":" TaskQueue concurrent operations should handle multiple operations safely","status":"pending","title":"should handle multiple operations safely","duration":0,"failureMessages":[]},{"ancestorTitles":["","TaskQueue","performance"],"fullName":" TaskQueue performance should handle large queues efficiently","status":"pending","title":"should handle large queues efficiently","duration":0,"failureMessages":[]}],"startTime":1752859166704,"endTime":1752859166706,"status":"passed","message":"","name":"/home/pricepro2006/CrewAI_Team/src/core/maestro/TaskQueue.test.ts"},{"assertionResults":[{"ancestorTitles":["","MasterOrchestrator Basic Tests","Initialization"],"fullName":" MasterOrchestrator Basic Tests Initialization should initialize successfully","status":"pending","title":"should initialize successfully","failureMessages":[]},{"ancestorTitles":["","MasterOrchestrator Basic Tests","Initialization"],"fullName":" MasterOrchestrator Basic Tests Initialization should handle RAG initialization failure gracefully","status":"pending","title":"should handle RAG initialization failure gracefully","failureMessages":[]},{"ancestorTitles":["","MasterOrchestrator Basic Tests","Query Processing"],"fullName":" MasterOrchestrator Basic Tests Query Processing should process a simple query with real LLM","status":"pending","title":"should process a simple query with real LLM","failureMessages":[]},{"ancestorTitles":["","MasterOrchestrator Basic Tests","Query Processing"],"fullName":" MasterOrchestrator Basic Tests Query Processing should handle query metadata","status":"pending","title":"should handle query metadata","failureMessages":[]},{"ancestorTitles":["","MasterOrchestrator Basic Tests","Plan Creation"],"fullName":" MasterOrchestrator Basic Tests Plan Creation should create a plan structure with real LLM","status":"pending","title":"should create a plan structure with real LLM","failureMessages":[]},{"ancestorTitles":["","MasterOrchestrator Basic Tests","Agent Registry"],"fullName":" MasterOrchestrator Basic Tests Agent Registry should have access to agent registry","status":"pending","title":"should have access to agent registry","failureMessages":[]},{"ancestorTitles":["","MasterOrchestrator Basic Tests","Database Integration"],"fullName":" MasterOrchestrator Basic Tests Database Integration should work with in-memory database","status":"pending","title":"should work with in-memory database","failureMessages":[]},{"ancestorTitles":["","MasterOrchestrator Basic Tests","Error Handling"],"fullName":" MasterOrchestrator Basic Tests Error Handling should handle empty queries gracefully","status":"pending","title":"should handle empty queries gracefully","failureMessages":[]},{"ancestorTitles":["","MasterOrchestrator Basic Tests","Error Handling"],"fullName":" MasterOrchestrator Basic Tests Error Handling should handle queries without conversation ID","status":"pending","title":"should handle queries without conversation ID","failureMessages":[]}],"startTime":1752859165346,"endTime":1752859165346,"status":"failed","message":"","name":"/home/pricepro2006/CrewAI_Team/src/core/master-orchestrator/MasterOrchestrator.basic.test.ts"},{"assertionResults":[],"startTime":1752859165346,"endTime":1752859165346,"status":"failed","message":"Failed to load url ../../test/mocks/ollama.mock (resolved id: ../../test/mocks/ollama.mock) in /home/pricepro2006/CrewAI_Team/src/core/master-orchestrator/MasterOrchestrator.test.ts. Does the file exist?","name":"/home/pricepro2006/CrewAI_Team/src/core/master-orchestrator/MasterOrchestrator.test.ts"},{"assertionResults":[{"ancestorTitles":["","PlanExecutor","execute"],"fullName":" PlanExecutor execute should execute a simple plan successfully","status":"pending","title":"should execute a simple plan successfully","duration":0,"failureMessages":[]},{"ancestorTitles":["","PlanExecutor","execute"],"fullName":" PlanExecutor execute should handle step failures gracefully","status":"pending","title":"should handle step failures gracefully","duration":0,"failureMessages":[]},{"ancestorTitles":["","PlanExecutor","execute"],"fullName":" PlanExecutor execute should handle missing agents","status":"pending","title":"should handle missing agents","duration":0,"failureMessages":[]},{"ancestorTitles":["","PlanExecutor","execute"],"fullName":" PlanExecutor execute should respect step dependencies","status":"pending","title":"should respect step dependencies","duration":0,"failureMessages":[]},{"ancestorTitles":["","PlanExecutor","execute"],"fullName":" PlanExecutor execute should handle circular dependencies","status":"pending","title":"should handle circular dependencies","duration":0,"failureMessages":[]},{"ancestorTitles":["","PlanExecutor","executeWithProgress"],"fullName":" PlanExecutor executeWithProgress should report progress during execution","status":"pending","title":"should report progress during execution","duration":0,"failureMessages":[]},{"ancestorTitles":["","PlanExecutor","executeWithProgress"],"fullName":" PlanExecutor executeWithProgress should report failures in progress","status":"pending","title":"should report failures in progress","duration":0,"failureMessages":[]},{"ancestorTitles":["","PlanExecutor","parallel execution"],"fullName":" PlanExecutor parallel execution should execute independent steps in parallel","status":"pending","title":"should execute independent steps in parallel","duration":0,"failureMessages":[]},{"ancestorTitles":["","PlanExecutor","context passing"],"fullName":" PlanExecutor context passing should pass context between dependent steps","status":"pending","title":"should pass context between dependent steps","duration":0,"failureMessages":[]}],"startTime":1752859167965,"endTime":1752859167966,"status":"passed","message":"","name":"/home/pricepro2006/CrewAI_Team/src/core/master-orchestrator/PlanExecutor.test.ts"},{"assertionResults":[{"ancestorTitles":["","DocumentProcessor","processDocument"],"fullName":" DocumentProcessor processDocument should process a simple text document","status":"pending","title":"should process a simple text document","duration":0,"failureMessages":[]},{"ancestorTitles":["","DocumentProcessor","processDocument"],"fullName":" DocumentProcessor processDocument should handle markdown documents","status":"pending","title":"should handle markdown documents","duration":0,"failureMessages":[]},{"ancestorTitles":["","DocumentProcessor","processDocument"],"fullName":" DocumentProcessor processDocument should chunk large documents","status":"pending","title":"should chunk large documents","duration":0,"failureMessages":[]},{"ancestorTitles":["","DocumentProcessor","cleanText (via processDocument)"],"fullName":" DocumentProcessor cleanText (via processDocument) should remove extra whitespace","status":"pending","title":"should remove extra whitespace","duration":0,"failureMessages":[]},{"ancestorTitles":["","DocumentProcessor","cleanText (via processDocument)"],"fullName":" DocumentProcessor cleanText (via processDocument) should remove control characters","status":"pending","title":"should remove control characters","duration":0,"failureMessages":[]},{"ancestorTitles":["","DocumentProcessor","cleanText (via processDocument)"],"fullName":" DocumentProcessor cleanText (via processDocument) should normalize line breaks by default","status":"pending","title":"should normalize line breaks by default","duration":0,"failureMessages":[]},{"ancestorTitles":["","DocumentProcessor","cleanText (via processDocument)"],"fullName":" DocumentProcessor cleanText (via processDocument) should preserve line breaks when preserveFormatting is true","status":"pending","title":"should preserve line breaks when preserveFormatting is true","duration":0,"failureMessages":[]},{"ancestorTitles":["","DocumentProcessor","cleanText (via processDocument)"],"fullName":" DocumentProcessor cleanText (via processDocument) should handle empty strings","status":"pending","title":"should handle empty strings","duration":0,"failureMessages":[]},{"ancestorTitles":["","DocumentProcessor","chunkText (via processDocument)"],"fullName":" DocumentProcessor chunkText (via processDocument) should create chunks with overlap","status":"pending","title":"should create chunks with overlap","duration":0,"failureMessages":[]},{"ancestorTitles":["","DocumentProcessor","chunkText (via processDocument)"],"fullName":" DocumentProcessor chunkText (via processDocument) should handle sentence-based chunking","status":"pending","title":"should handle sentence-based chunking","duration":0,"failureMessages":[]},{"ancestorTitles":["","DocumentProcessor","chunkText (via processDocument)"],"fullName":" DocumentProcessor chunkText (via processDocument) should handle text shorter than chunk size","status":"pending","title":"should handle text shorter than chunk size","duration":0,"failureMessages":[]},{"ancestorTitles":["","DocumentProcessor","different chunking strategies"],"fullName":" DocumentProcessor different chunking strategies should support fixed-size chunking","status":"pending","title":"should support fixed-size chunking","duration":0,"failureMessages":[]},{"ancestorTitles":["","DocumentProcessor","different chunking strategies"],"fullName":" DocumentProcessor different chunking strategies should support sentence-based chunking","status":"pending","title":"should support sentence-based chunking","duration":0,"failureMessages":[]},{"ancestorTitles":["","DocumentProcessor","metadata extraction"],"fullName":" DocumentProcessor metadata extraction should extract basic metadata","status":"pending","title":"should extract basic metadata","duration":0,"failureMessages":[]},{"ancestorTitles":["","DocumentProcessor","metadata extraction"],"fullName":" DocumentProcessor metadata extraction should add chunk metadata","status":"pending","title":"should add chunk metadata","duration":0,"failureMessages":[]},{"ancestorTitles":["","DocumentProcessor","edge cases"],"fullName":" DocumentProcessor edge cases should handle null content gracefully","status":"pending","title":"should handle null content gracefully","duration":0,"failureMessages":[]},{"ancestorTitles":["","DocumentProcessor","edge cases"],"fullName":" DocumentProcessor edge cases should handle very long lines","status":"pending","title":"should handle very long lines","duration":0,"failureMessages":[]},{"ancestorTitles":["","DocumentProcessor","edge cases"],"fullName":" DocumentProcessor edge cases should handle special characters","status":"pending","title":"should handle special characters","duration":0,"failureMessages":[]}],"startTime":1752859167779,"endTime":1752859167783,"status":"passed","message":"","name":"/home/pricepro2006/CrewAI_Team/src/core/rag/DocumentProcessor.test.ts"},{"assertionResults":[{"ancestorTitles":["","EmbeddingService","initialize"],"fullName":" EmbeddingService initialize should initialize successfully when Ollama is available","status":"pending","title":"should initialize successfully when Ollama is available","duration":0,"failureMessages":[]},{"ancestorTitles":["","EmbeddingService","initialize"],"fullName":" EmbeddingService initialize should warn when embedding model is not found","status":"pending","title":"should warn when embedding model is not found","duration":0,"failureMessages":[]},{"ancestorTitles":["","EmbeddingService","initialize"],"fullName":" EmbeddingService initialize should throw error when connection fails","status":"pending","title":"should throw error when connection fails","duration":0,"failureMessages":[]},{"ancestorTitles":["","EmbeddingService","embed"],"fullName":" EmbeddingService embed should generate embeddings for text","status":"pending","title":"should generate embeddings for text","duration":0,"failureMessages":[]},{"ancestorTitles":["","EmbeddingService","embed"],"fullName":" EmbeddingService embed should handle empty text","status":"pending","title":"should handle empty text","duration":1,"failureMessages":[]},{"ancestorTitles":["","EmbeddingService","embed"],"fullName":" EmbeddingService embed should return zero vector on error","status":"pending","title":"should return zero vector on error","duration":0,"failureMessages":[]},{"ancestorTitles":["","EmbeddingService","embedBatch"],"fullName":" EmbeddingService embedBatch should generate embeddings for multiple texts","status":"pending","title":"should generate embeddings for multiple texts","duration":0,"failureMessages":[]},{"ancestorTitles":["","EmbeddingService","embedBatch"],"fullName":" EmbeddingService embedBatch should handle large batches efficiently","status":"pending","title":"should handle large batches efficiently","duration":0,"failureMessages":[]},{"ancestorTitles":["","EmbeddingService","cosineSimilarity"],"fullName":" EmbeddingService cosineSimilarity should calculate similarity between identical vectors","status":"pending","title":"should calculate similarity between identical vectors","duration":0,"failureMessages":[]},{"ancestorTitles":["","EmbeddingService","cosineSimilarity"],"fullName":" EmbeddingService cosineSimilarity should calculate similarity between opposite vectors","status":"pending","title":"should calculate similarity between opposite vectors","duration":0,"failureMessages":[]},{"ancestorTitles":["","EmbeddingService","cosineSimilarity"],"fullName":" EmbeddingService cosineSimilarity should handle embeddings of different lengths","status":"pending","title":"should handle embeddings of different lengths","duration":0,"failureMessages":[]},{"ancestorTitles":["","EmbeddingService","cosineSimilarity"],"fullName":" EmbeddingService cosineSimilarity should handle zero vectors","status":"pending","title":"should handle zero vectors","duration":0,"failureMessages":[]},{"ancestorTitles":["","EmbeddingService","findSimilar"],"fullName":" EmbeddingService findSimilar should find similar embeddings","status":"pending","title":"should find similar embeddings","duration":0,"failureMessages":[]},{"ancestorTitles":["","EmbeddingService","findSimilar"],"fullName":" EmbeddingService findSimilar should respect topK parameter","status":"pending","title":"should respect topK parameter","duration":0,"failureMessages":[]},{"ancestorTitles":["","EmbeddingService","findSimilar"],"fullName":" EmbeddingService findSimilar should return all results when topK exceeds available embeddings","status":"pending","title":"should return all results when topK exceeds available embeddings","duration":0,"failureMessages":[]},{"ancestorTitles":["","EmbeddingService","utility methods"],"fullName":" EmbeddingService utility methods should return correct dimensions","status":"pending","title":"should return correct dimensions","duration":0,"failureMessages":[]},{"ancestorTitles":["","EmbeddingService","utility methods"],"fullName":" EmbeddingService utility methods should return correct model name","status":"pending","title":"should return correct model name","duration":0,"failureMessages":[]},{"ancestorTitles":["","EmbeddingService","error handling"],"fullName":" EmbeddingService error handling should handle initialization before embed calls","status":"pending","title":"should handle initialization before embed calls","duration":0,"failureMessages":[]}],"startTime":1752859168368,"endTime":1752859168378,"status":"passed","message":"","name":"/home/pricepro2006/CrewAI_Team/src/core/rag/EmbeddingService.test.ts"},{"assertionResults":[{"ancestorTitles":["","RetrievalService","enhance"],"fullName":" RetrievalService enhance should filter results by minimum score","status":"pending","title":"should filter results by minimum score","duration":0,"failureMessages":[]},{"ancestorTitles":["","RetrievalService","enhance"],"fullName":" RetrievalService enhance should rerank results when enabled","status":"pending","title":"should rerank results when enabled","duration":0,"failureMessages":[]},{"ancestorTitles":["","RetrievalService","enhance"],"fullName":" RetrievalService enhance should diversify results when diversity factor is set","status":"pending","title":"should diversify results when diversity factor is set","duration":0,"failureMessages":[]},{"ancestorTitles":["","RetrievalService","enhance"],"fullName":" RetrievalService enhance should boost recent documents when enabled","status":"pending","title":"should boost recent documents when enabled","duration":0,"failureMessages":[]},{"ancestorTitles":["","RetrievalService","enhance"],"fullName":" RetrievalService enhance should handle empty results","status":"pending","title":"should handle empty results","duration":0,"failureMessages":[]},{"ancestorTitles":["","RetrievalService","enhance"],"fullName":" RetrievalService enhance should preserve results when no enhancements are configured","status":"pending","title":"should preserve results when no enhancements are configured","duration":0,"failureMessages":[]},{"ancestorTitles":["","RetrievalService","filterByMetadata"],"fullName":" RetrievalService filterByMetadata should filter results by metadata fields","status":"pending","title":"should filter results by metadata fields","duration":0,"failureMessages":[]},{"ancestorTitles":["","RetrievalService","filterByMetadata"],"fullName":" RetrievalService filterByMetadata should handle array values in filters","status":"pending","title":"should handle array values in filters","duration":0,"failureMessages":[]},{"ancestorTitles":["","RetrievalService","highlightMatches"],"fullName":" RetrievalService highlightMatches should extract relevant sentences containing query terms","status":"pending","title":"should extract relevant sentences containing query terms","duration":0,"failureMessages":[]},{"ancestorTitles":["","RetrievalService","highlightMatches"],"fullName":" RetrievalService highlightMatches should limit highlights to 3 per result","status":"pending","title":"should limit highlights to 3 per result","duration":0,"failureMessages":[]},{"ancestorTitles":["","RetrievalService","extractTerms"],"fullName":" RetrievalService extractTerms should extract and normalize terms from text","status":"pending","title":"should extract and normalize terms from text","duration":0,"failureMessages":[]}],"startTime":1752859168041,"endTime":1752859168043,"status":"passed","message":"","name":"/home/pricepro2006/CrewAI_Team/src/core/rag/RetrievalService.test.ts"},{"assertionResults":[{"ancestorTitles":["","Comprehensive Critical Issues Verification"],"fullName":" Comprehensive Critical Issues Verification should verify Ollama timeout is under 30 seconds","status":"pending","title":"should verify Ollama timeout is under 30 seconds","duration":0,"failureMessages":[]},{"ancestorTitles":["","Comprehensive Critical Issues Verification"],"fullName":" Comprehensive Critical Issues Verification should verify multiple consecutive requests perform consistently","status":"pending","title":"should verify multiple consecutive requests perform consistently","duration":0,"failureMessages":[]},{"ancestorTitles":["","Comprehensive Critical Issues Verification"],"fullName":" Comprehensive Critical Issues Verification should verify server can start within timeout","status":"pending","title":"should verify server can start within timeout","duration":0,"failureMessages":[]},{"ancestorTitles":["","Comprehensive Critical Issues Verification"],"fullName":" Comprehensive Critical Issues Verification should generate comprehensive report","status":"pending","title":"should generate comprehensive report","duration":0,"failureMessages":[]}],"startTime":1752859166965,"endTime":1752859166966,"status":"passed","message":"","name":"/home/pricepro2006/CrewAI_Team/src/test/system/comprehensive-verification.test.ts"},{"assertionResults":[{"ancestorTitles":["","Critical Issues - Quick Verification"],"fullName":" Critical Issues - Quick Verification should verify Ollama responds within 30 seconds","status":"pending","title":"should verify Ollama responds within 30 seconds","duration":0,"failureMessages":[]},{"ancestorTitles":["","Critical Issues - Quick Verification"],"fullName":" Critical Issues - Quick Verification should generate quick report","status":"pending","title":"should generate quick report","duration":0,"failureMessages":[]}],"startTime":1752859168354,"endTime":1752859168354,"status":"passed","message":"","name":"/home/pricepro2006/CrewAI_Team/src/test/system/critical-issues-simple.test.ts"},{"assertionResults":[],"startTime":1752859165346,"endTime":1752859165346,"status":"failed","message":"Cannot find module '@/core/rag/ChromaDBService' imported from '/home/pricepro2006/CrewAI_Team/src/test/system/critical-issues-verification.test.ts'.\n\n- If you rely on tsconfig.json's \"paths\" to resolve modules, please install \"vite-tsconfig-paths\" plugin to handle module resolution.\n- Make sure you don't have relative aliases in your Vitest config. Use absolute paths instead. Read more: https://vitest.dev/guide/common-errors","name":"/home/pricepro2006/CrewAI_Team/src/test/system/critical-issues-verification.test.ts"},{"assertionResults":[],"startTime":1752859165346,"endTime":1752859165346,"status":"failed","message":"Failed to load url ../../../test/mocks/ollama.mock (resolved id: ../../../test/mocks/ollama.mock) in /home/pricepro2006/CrewAI_Team/src/core/agents/specialized/ResearchAgent.test.ts. Does the file exist?","name":"/home/pricepro2006/CrewAI_Team/src/core/agents/specialized/ResearchAgent.test.ts"},{"assertionResults":[{"ancestorTitles":["","BERTRanker","initialization"],"fullName":" BERTRanker initialization should initialize successfully with mock pipeline","status":"pending","title":"should initialize successfully with mock pipeline","duration":0,"failureMessages":[]},{"ancestorTitles":["","BERTRanker","initialization"],"fullName":" BERTRanker initialization should handle initialization failure gracefully","status":"pending","title":"should handle initialization failure gracefully","duration":0,"failureMessages":[]},{"ancestorTitles":["","BERTRanker","initialization"],"fullName":" BERTRanker initialization should only initialize once","status":"pending","title":"should only initialize once","duration":0,"failureMessages":[]},{"ancestorTitles":["","BERTRanker","rerank"],"fullName":" BERTRanker rerank should rerank documents based on semantic similarity","status":"pending","title":"should rerank documents based on semantic similarity","duration":0,"failureMessages":[]},{"ancestorTitles":["","BERTRanker","rerank"],"fullName":" BERTRanker rerank should respect topK parameter","status":"pending","title":"should respect topK parameter","duration":0,"failureMessages":[]},{"ancestorTitles":["","BERTRanker","rerank"],"fullName":" BERTRanker rerank should handle empty document list","status":"pending","title":"should handle empty document list","duration":0,"failureMessages":[]},{"ancestorTitles":["","BERTRanker","rerank"],"fullName":" BERTRanker rerank should fallback gracefully when pipeline fails","status":"pending","title":"should fallback gracefully when pipeline fails","duration":0,"failureMessages":[]},{"ancestorTitles":["","BERTRanker","rerank"],"fullName":" BERTRanker rerank should work without initialization (fallback mode)","status":"pending","title":"should work without initialization (fallback mode)","duration":0,"failureMessages":[]},{"ancestorTitles":["","BERTRanker","calculateRerankingConfidence"],"fullName":" BERTRanker calculateRerankingConfidence should calculate high confidence for well-separated scores","status":"pending","title":"should calculate high confidence for well-separated scores","duration":0,"failureMessages":[]},{"ancestorTitles":["","BERTRanker","calculateRerankingConfidence"],"fullName":" BERTRanker calculateRerankingConfidence should calculate low confidence for similar scores","status":"pending","title":"should calculate low confidence for similar scores","duration":0,"failureMessages":[]},{"ancestorTitles":["","BERTRanker","calculateRerankingConfidence"],"fullName":" BERTRanker calculateRerankingConfidence should return 0 for empty results","status":"pending","title":"should return 0 for empty results","duration":0,"failureMessages":[]},{"ancestorTitles":["","BERTRanker","batchRerank"],"fullName":" BERTRanker batchRerank should process multiple queries efficiently","status":"pending","title":"should process multiple queries efficiently","duration":0,"failureMessages":[]},{"ancestorTitles":["","BERTRanker","batchRerank"],"fullName":" BERTRanker batchRerank should throw error for mismatched arrays","status":"pending","title":"should throw error for mismatched arrays","duration":0,"failureMessages":[]},{"ancestorTitles":["","BERTRanker","getModelInfo"],"fullName":" BERTRanker getModelInfo should return correct model information","status":"pending","title":"should return correct model information","duration":0,"failureMessages":[]},{"ancestorTitles":["","BERTRanker","dispose"],"fullName":" BERTRanker dispose should cleanup resources","status":"pending","title":"should cleanup resources","duration":0,"failureMessages":[]},{"ancestorTitles":["","BERTRanker","score combination"],"fullName":" BERTRanker score combination should properly combine scores with geometric mean","status":"pending","title":"should properly combine scores with geometric mean","duration":0,"failureMessages":[]}],"startTime":1752859166781,"endTime":1752859166784,"status":"passed","message":"","name":"/home/pricepro2006/CrewAI_Team/src/core/rag/confidence/BERTRanker.test.ts"},{"assertionResults":[{"ancestorTitles":["","ConfidenceCalibrator","calibrate"],"fullName":" ConfidenceCalibrator calibrate should apply temperature scaling by default","status":"pending","title":"should apply temperature scaling by default","duration":0,"failureMessages":[]},{"ancestorTitles":["","ConfidenceCalibrator","calibrate"],"fullName":" ConfidenceCalibrator calibrate should handle edge values","status":"pending","title":"should handle edge values","duration":0,"failureMessages":[]},{"ancestorTitles":["","ConfidenceCalibrator","calibrate"],"fullName":" ConfidenceCalibrator calibrate should apply specified calibration method","status":"pending","title":"should apply specified calibration method","duration":0,"failureMessages":[]},{"ancestorTitles":["","ConfidenceCalibrator","calibrate"],"fullName":" ConfidenceCalibrator calibrate should clamp values to [0, 1]","status":"pending","title":"should clamp values to [0, 1]","duration":0,"failureMessages":[]},{"ancestorTitles":["","ConfidenceCalibrator","temperatureScaling"],"fullName":" ConfidenceCalibrator temperatureScaling should scale confidence with temperature parameter","status":"pending","title":"should scale confidence with temperature parameter","duration":0,"failureMessages":[]},{"ancestorTitles":["","ConfidenceCalibrator","temperatureScaling"],"fullName":" ConfidenceCalibrator temperatureScaling should not change 0.5 regardless of temperature","status":"pending","title":"should not change 0.5 regardless of temperature","duration":0,"failureMessages":[]},{"ancestorTitles":["","ConfidenceCalibrator","temperatureScaling"],"fullName":" ConfidenceCalibrator temperatureScaling should handle temperature = 1 (no change)","status":"pending","title":"should handle temperature = 1 (no change)","duration":0,"failureMessages":[]},{"ancestorTitles":["","ConfidenceCalibrator","plattScaling"],"fullName":" ConfidenceCalibrator plattScaling should apply sigmoid transformation","status":"pending","title":"should apply sigmoid transformation","duration":0,"failureMessages":[]},{"ancestorTitles":["","ConfidenceCalibrator","plattScaling"],"fullName":" ConfidenceCalibrator plattScaling should preserve ordering","status":"pending","title":"should preserve ordering","duration":0,"failureMessages":[]},{"ancestorTitles":["","ConfidenceCalibrator","plattScaling"],"fullName":" ConfidenceCalibrator plattScaling should handle custom parameters","status":"pending","title":"should handle custom parameters","duration":0,"failureMessages":[]},{"ancestorTitles":["","ConfidenceCalibrator","isotonicRegression"],"fullName":" ConfidenceCalibrator isotonicRegression should map confidence using isotonic points","status":"pending","title":"should map confidence using isotonic points","duration":0,"failureMessages":[]},{"ancestorTitles":["","ConfidenceCalibrator","isotonicRegression"],"fullName":" ConfidenceCalibrator isotonicRegression should interpolate between calibration points","status":"pending","title":"should interpolate between calibration points","duration":0,"failureMessages":[]},{"ancestorTitles":["","ConfidenceCalibrator","isotonicRegression"],"fullName":" ConfidenceCalibrator isotonicRegression should handle values outside calibration range","status":"pending","title":"should handle values outside calibration range","duration":0,"failureMessages":[]},{"ancestorTitles":["","ConfidenceCalibrator","isotonicRegression"],"fullName":" ConfidenceCalibrator isotonicRegression should use custom calibration points","status":"pending","title":"should use custom calibration points","duration":0,"failureMessages":[]},{"ancestorTitles":["","ConfidenceCalibrator","batchCalibrate"],"fullName":" ConfidenceCalibrator batchCalibrate should calibrate multiple values","status":"pending","title":"should calibrate multiple values","duration":0,"failureMessages":[]},{"ancestorTitles":["","ConfidenceCalibrator","batchCalibrate"],"fullName":" ConfidenceCalibrator batchCalibrate should preserve relative ordering","status":"pending","title":"should preserve relative ordering","duration":0,"failureMessages":[]},{"ancestorTitles":["","ConfidenceCalibrator","batchCalibrate"],"fullName":" ConfidenceCalibrator batchCalibrate should apply specified method to all values","status":"pending","title":"should apply specified method to all values","duration":0,"failureMessages":[]},{"ancestorTitles":["","ConfidenceCalibrator","getCalibrationStats"],"fullName":" ConfidenceCalibrator getCalibrationStats should return calibration statistics","status":"pending","title":"should return calibration statistics","duration":0,"failureMessages":[]},{"ancestorTitles":["","ConfidenceCalibrator","getCalibrationStats"],"fullName":" ConfidenceCalibrator getCalibrationStats should include all parameters","status":"pending","title":"should include all parameters","duration":0,"failureMessages":[]},{"ancestorTitles":["","ConfidenceCalibrator","getCalibrationStats"],"fullName":" ConfidenceCalibrator getCalibrationStats should include isotonic points","status":"pending","title":"should include isotonic points","duration":0,"failureMessages":[]},{"ancestorTitles":["","ConfidenceCalibrator","edge cases"],"fullName":" ConfidenceCalibrator edge cases should handle NaN inputs","status":"pending","title":"should handle NaN inputs","duration":0,"failureMessages":[]},{"ancestorTitles":["","ConfidenceCalibrator","edge cases"],"fullName":" ConfidenceCalibrator edge cases should handle infinite values","status":"pending","title":"should handle infinite values","duration":0,"failureMessages":[]},{"ancestorTitles":["","ConfidenceCalibrator","edge cases"],"fullName":" ConfidenceCalibrator edge cases should handle very small temperature values","status":"pending","title":"should handle very small temperature values","duration":0,"failureMessages":[]},{"ancestorTitles":["","ConfidenceCalibrator","edge cases"],"fullName":" ConfidenceCalibrator edge cases should handle empty batch","status":"pending","title":"should handle empty batch","duration":0,"failureMessages":[]},{"ancestorTitles":["","ConfidenceCalibrator","edge cases"],"fullName":" ConfidenceCalibrator edge cases should validate isotonic points are monotonic","status":"pending","title":"should validate isotonic points are monotonic","duration":0,"failureMessages":[]},{"ancestorTitles":["","ConfidenceCalibrator","performance"],"fullName":" ConfidenceCalibrator performance should handle large batches efficiently","status":"pending","title":"should handle large batches efficiently","duration":0,"failureMessages":[]}],"startTime":1752859166797,"endTime":1752859166798,"status":"passed","message":"","name":"/home/pricepro2006/CrewAI_Team/src/core/rag/confidence/ConfidenceCalibrator.test.ts"},{"assertionResults":[{"ancestorTitles":["","ConfidenceContextBuilder","buildContext"],"fullName":" ConfidenceContextBuilder buildContext should build separated context by default","status":"pending","title":"should build separated context by default","duration":0,"failureMessages":[]},{"ancestorTitles":["","ConfidenceContextBuilder","buildContext"],"fullName":" ConfidenceContextBuilder buildContext should build unified context when requested","status":"pending","title":"should build unified context when requested","duration":0,"failureMessages":[]},{"ancestorTitles":["","ConfidenceContextBuilder","buildContext"],"fullName":" ConfidenceContextBuilder buildContext should include confidence labels","status":"pending","title":"should include confidence labels","duration":0,"failureMessages":[]},{"ancestorTitles":["","ConfidenceContextBuilder","buildContext"],"fullName":" ConfidenceContextBuilder buildContext should format confidence as percentage only","status":"pending","title":"should format confidence as percentage only","duration":0,"failureMessages":[]},{"ancestorTitles":["","ConfidenceContextBuilder","buildContext"],"fullName":" ConfidenceContextBuilder buildContext should format confidence as label only","status":"pending","title":"should format confidence as label only","duration":0,"failureMessages":[]},{"ancestorTitles":["","ConfidenceContextBuilder","buildContext"],"fullName":" ConfidenceContextBuilder buildContext should include metadata when requested","status":"pending","title":"should include metadata when requested","duration":0,"failureMessages":[]},{"ancestorTitles":["","ConfidenceContextBuilder","buildContext"],"fullName":" ConfidenceContextBuilder buildContext should exclude metadata when not requested","status":"pending","title":"should exclude metadata when not requested","duration":0,"failureMessages":[]},{"ancestorTitles":["","ConfidenceContextBuilder","buildContext"],"fullName":" ConfidenceContextBuilder buildContext should handle empty documents","status":"pending","title":"should handle empty documents","duration":0,"failureMessages":[]},{"ancestorTitles":["","ConfidenceContextBuilder","buildContext"],"fullName":" ConfidenceContextBuilder buildContext should add warning for low confidence documents","status":"pending","title":"should add warning for low confidence documents","duration":0,"failureMessages":[]},{"ancestorTitles":["","ConfidenceContextBuilder","buildContext"],"fullName":" ConfidenceContextBuilder buildContext should truncate long context","status":"pending","title":"should truncate long context","duration":0,"failureMessages":[]},{"ancestorTitles":["","ConfidenceContextBuilder","buildSpecializedContext"],"fullName":" ConfidenceContextBuilder buildSpecializedContext should build factual context with high confidence only","status":"pending","title":"should build factual context with high confidence only","duration":0,"failureMessages":[]},{"ancestorTitles":["","ConfidenceContextBuilder","buildSpecializedContext"],"fullName":" ConfidenceContextBuilder buildSpecializedContext should build explanatory context with all sources separated","status":"pending","title":"should build explanatory context with all sources separated","duration":0,"failureMessages":[]},{"ancestorTitles":["","ConfidenceContextBuilder","buildSpecializedContext"],"fullName":" ConfidenceContextBuilder buildSpecializedContext should build creative context without separation","status":"pending","title":"should build creative context without separation","duration":0,"failureMessages":[]},{"ancestorTitles":["","ConfidenceContextBuilder","buildSpecializedContext"],"fullName":" ConfidenceContextBuilder buildSpecializedContext should build analytical context with full details","status":"pending","title":"should build analytical context with full details","duration":0,"failureMessages":[]},{"ancestorTitles":["","ConfidenceContextBuilder","confidence guidance"],"fullName":" ConfidenceContextBuilder confidence guidance should show positive message for all high confidence","status":"pending","title":"should show positive message for all high confidence","duration":0,"failureMessages":[]},{"ancestorTitles":["","ConfidenceContextBuilder","confidence guidance"],"fullName":" ConfidenceContextBuilder confidence guidance should show warning for only low confidence","status":"pending","title":"should show warning for only low confidence","duration":0,"failureMessages":[]},{"ancestorTitles":["","ConfidenceContextBuilder","confidence guidance"],"fullName":" ConfidenceContextBuilder confidence guidance should show mixed message for varied confidence","status":"pending","title":"should show mixed message for varied confidence","duration":0,"failureMessages":[]},{"ancestorTitles":["","ConfidenceContextBuilder","confidence summary"],"fullName":" ConfidenceContextBuilder confidence summary should calculate average confidence correctly","status":"pending","title":"should calculate average confidence correctly","duration":0,"failureMessages":[]},{"ancestorTitles":["","ConfidenceContextBuilder","edge cases"],"fullName":" ConfidenceContextBuilder edge cases should handle documents without metadata","status":"pending","title":"should handle documents without metadata","duration":0,"failureMessages":[]},{"ancestorTitles":["","ConfidenceContextBuilder","edge cases"],"fullName":" ConfidenceContextBuilder edge cases should handle very low confidence documents","status":"pending","title":"should handle very low confidence documents","duration":0,"failureMessages":[]},{"ancestorTitles":["","ConfidenceContextBuilder","edge cases"],"fullName":" ConfidenceContextBuilder edge cases should sort documents by confidence","status":"pending","title":"should sort documents by confidence","duration":0,"failureMessages":[]}],"startTime":1752859166909,"endTime":1752859166912,"status":"passed","message":"","name":"/home/pricepro2006/CrewAI_Team/src/core/rag/confidence/ConfidenceContextBuilder.test.ts"},{"assertionResults":[{"ancestorTitles":["","ConfidenceExtractor","logProbToConfidence"],"fullName":" ConfidenceExtractor logProbToConfidence should convert log probabilities to confidence scores","status":"pending","title":"should convert log probabilities to confidence scores","duration":0,"failureMessages":[]},{"ancestorTitles":["","ConfidenceExtractor","logProbToConfidence"],"fullName":" ConfidenceExtractor logProbToConfidence should handle edge cases","status":"pending","title":"should handle edge cases","duration":0,"failureMessages":[]},{"ancestorTitles":["","ConfidenceExtractor","extractTokenConfidence"],"fullName":" ConfidenceExtractor extractTokenConfidence should extract token confidence correctly","status":"pending","title":"should extract token confidence correctly","duration":0,"failureMessages":[]},{"ancestorTitles":["","ConfidenceExtractor","extractTokenConfidence"],"fullName":" ConfidenceExtractor extractTokenConfidence should throw error for mismatched lengths","status":"pending","title":"should throw error for mismatched lengths","duration":0,"failureMessages":[]},{"ancestorTitles":["","ConfidenceExtractor","aggregateConfidence"],"fullName":" ConfidenceExtractor aggregateConfidence should calculate harmonic mean correctly","status":"pending","title":"should calculate harmonic mean correctly","duration":0,"failureMessages":[]},{"ancestorTitles":["","ConfidenceExtractor","aggregateConfidence"],"fullName":" ConfidenceExtractor aggregateConfidence should filter out very low confidence tokens","status":"pending","title":"should filter out very low confidence tokens","duration":0,"failureMessages":[]},{"ancestorTitles":["","ConfidenceExtractor","aggregateConfidence"],"fullName":" ConfidenceExtractor aggregateConfidence should return 0 for empty array","status":"pending","title":"should return 0 for empty array","duration":0,"failureMessages":[]},{"ancestorTitles":["","ConfidenceExtractor","calculateWeightedConfidence"],"fullName":" ConfidenceExtractor calculateWeightedConfidence should weight content words higher than stop words","status":"pending","title":"should weight content words higher than stop words","duration":0,"failureMessages":[]},{"ancestorTitles":["","ConfidenceExtractor","calculateWeightedConfidence"],"fullName":" ConfidenceExtractor calculateWeightedConfidence should assign low weight to punctuation","status":"pending","title":"should assign low weight to punctuation","duration":0,"failureMessages":[]},{"ancestorTitles":["","ConfidenceExtractor","detectUncertaintyMarkers"],"fullName":" ConfidenceExtractor detectUncertaintyMarkers should detect uncertainty phrases","status":"pending","title":"should detect uncertainty phrases","duration":0,"failureMessages":[]},{"ancestorTitles":["","ConfidenceExtractor","detectUncertaintyMarkers"],"fullName":" ConfidenceExtractor detectUncertaintyMarkers should detect contradictions","status":"pending","title":"should detect contradictions","duration":0,"failureMessages":[]},{"ancestorTitles":["","ConfidenceExtractor","detectUncertaintyMarkers"],"fullName":" ConfidenceExtractor detectUncertaintyMarkers should detect low confidence regions when token data provided","status":"pending","title":"should detect low confidence regions when token data provided","duration":0,"failureMessages":[]},{"ancestorTitles":["","ConfidenceExtractor","calculateGenerationMetrics"],"fullName":" ConfidenceExtractor calculateGenerationMetrics should calculate metrics correctly","status":"pending","title":"should calculate metrics correctly","duration":0,"failureMessages":[]},{"ancestorTitles":["","ConfidenceExtractor","calculateGenerationMetrics"],"fullName":" ConfidenceExtractor calculateGenerationMetrics should handle empty input","status":"pending","title":"should handle empty input","duration":0,"failureMessages":[]},{"ancestorTitles":["","ConfidenceExtractor","estimateConfidenceFromText"],"fullName":" ConfidenceExtractor estimateConfidenceFromText should estimate high confidence for assertive text","status":"pending","title":"should estimate high confidence for assertive text","duration":0,"failureMessages":[]},{"ancestorTitles":["","ConfidenceExtractor","estimateConfidenceFromText"],"fullName":" ConfidenceExtractor estimateConfidenceFromText should estimate low confidence for uncertain text","status":"pending","title":"should estimate low confidence for uncertain text","duration":0,"failureMessages":[]},{"ancestorTitles":["","ConfidenceExtractor","estimateConfidenceFromText"],"fullName":" ConfidenceExtractor estimateConfidenceFromText should penalize very short responses","status":"pending","title":"should penalize very short responses","duration":0,"failureMessages":[]},{"ancestorTitles":["","ConfidenceExtractor","estimateConfidenceFromText"],"fullName":" ConfidenceExtractor estimateConfidenceFromText should return 0 for empty text","status":"pending","title":"should return 0 for empty text","duration":0,"failureMessages":[]}],"startTime":1752859167783,"endTime":1752859167797,"status":"passed","message":"","name":"/home/pricepro2006/CrewAI_Team/src/core/rag/confidence/ConfidenceExtractor.test.ts"},{"assertionResults":[],"startTime":1752859165346,"endTime":1752859165346,"status":"failed","message":"\nSomething went wrong installing the \"sharp\" module\n\nCannot find module '../build/Release/sharp-linux-x64.node'\nRequire stack:\n- /home/pricepro2006/CrewAI_Team/node_modules/.pnpm/sharp@0.32.6/node_modules/sharp/lib/sharp.js\n- /home/pricepro2006/CrewAI_Team/node_modules/.pnpm/sharp@0.32.6/node_modules/sharp/lib/constructor.js\n- /home/pricepro2006/CrewAI_Team/node_modules/.pnpm/sharp@0.32.6/node_modules/sharp/lib/index.js\n\nPossible solutions:\n- Install with verbose logging and look for errors: \"npm install --ignore-scripts=false --foreground-scripts --verbose sharp\"\n- Install for the current linux-x64 runtime: \"npm install --platform=linux --arch=x64 sharp\"\n- Consult the installation documentation: https://sharp.pixelplumbing.com/install","name":"/home/pricepro2006/CrewAI_Team/src/core/rag/confidence/ConfidenceRAGRetriever.test.ts"},{"assertionResults":[{"ancestorTitles":["","ConfidenceResponseGenerator","generateWithConfidence"],"fullName":" ConfidenceResponseGenerator generateWithConfidence should generate response with log probabilities when available","status":"pending","title":"should generate response with log probabilities when available","duration":0,"failureMessages":[]},{"ancestorTitles":["","ConfidenceResponseGenerator","generateWithConfidence"],"fullName":" ConfidenceResponseGenerator generateWithConfidence should fall back to standard generation when log probs disabled","status":"pending","title":"should fall back to standard generation when log probs disabled","duration":0,"failureMessages":[]},{"ancestorTitles":["","ConfidenceResponseGenerator","generateWithConfidence"],"fullName":" ConfidenceResponseGenerator generateWithConfidence should adjust temperature based on confidence","status":"pending","title":"should adjust temperature based on confidence","duration":0,"failureMessages":[]},{"ancestorTitles":["","ConfidenceResponseGenerator","generateWithConfidence"],"fullName":" ConfidenceResponseGenerator generateWithConfidence should handle complex queries with lower temperature","status":"pending","title":"should handle complex queries with lower temperature","duration":0,"failureMessages":[]},{"ancestorTitles":["","ConfidenceResponseGenerator","generateWithConfidence"],"fullName":" ConfidenceResponseGenerator generateWithConfidence should use specialized context based on response type","status":"pending","title":"should use specialized context based on response type","duration":0,"failureMessages":[]},{"ancestorTitles":["","ConfidenceResponseGenerator","generateWithConfidence"],"fullName":" ConfidenceResponseGenerator generateWithConfidence should handle generation errors gracefully","status":"pending","title":"should handle generation errors gracefully","duration":0,"failureMessages":[]},{"ancestorTitles":["","ConfidenceResponseGenerator","generateWithConfidence"],"fullName":" ConfidenceResponseGenerator generateWithConfidence should generate appropriate fallback for empty documents","status":"pending","title":"should generate appropriate fallback for empty documents","duration":0,"failureMessages":[]},{"ancestorTitles":["","ConfidenceResponseGenerator","generateWithConfidence"],"fullName":" ConfidenceResponseGenerator generateWithConfidence should generate appropriate fallback for low confidence retrieval","status":"pending","title":"should generate appropriate fallback for low confidence retrieval","duration":0,"failureMessages":[]},{"ancestorTitles":["","ConfidenceResponseGenerator","prompt building"],"fullName":" ConfidenceResponseGenerator prompt building should build high confidence instructions","status":"pending","title":"should build high confidence instructions","duration":0,"failureMessages":[]},{"ancestorTitles":["","ConfidenceResponseGenerator","prompt building"],"fullName":" ConfidenceResponseGenerator prompt building should build medium confidence instructions","status":"pending","title":"should build medium confidence instructions","duration":0,"failureMessages":[]},{"ancestorTitles":["","ConfidenceResponseGenerator","prompt building"],"fullName":" ConfidenceResponseGenerator prompt building should build low confidence instructions","status":"pending","title":"should build low confidence instructions","duration":0,"failureMessages":[]},{"ancestorTitles":["","ConfidenceResponseGenerator","prompt building"],"fullName":" ConfidenceResponseGenerator prompt building should add complexity instructions for complex queries","status":"pending","title":"should add complexity instructions for complex queries","duration":0,"failureMessages":[]},{"ancestorTitles":["","ConfidenceResponseGenerator","postProcessResponse"],"fullName":" ConfidenceResponseGenerator postProcessResponse should return plain response when indicators disabled","status":"pending","title":"should return plain response when indicators disabled","duration":0,"failureMessages":[]},{"ancestorTitles":["","ConfidenceResponseGenerator","postProcessResponse"],"fullName":" ConfidenceResponseGenerator postProcessResponse should add high confidence prefix","status":"pending","title":"should add high confidence prefix","duration":0,"failureMessages":[]},{"ancestorTitles":["","ConfidenceResponseGenerator","postProcessResponse"],"fullName":" ConfidenceResponseGenerator postProcessResponse should add medium confidence prefix","status":"pending","title":"should add medium confidence prefix","duration":0,"failureMessages":[]},{"ancestorTitles":["","ConfidenceResponseGenerator","postProcessResponse"],"fullName":" ConfidenceResponseGenerator postProcessResponse should add low confidence prefix","status":"pending","title":"should add low confidence prefix","duration":0,"failureMessages":[]},{"ancestorTitles":["","ConfidenceResponseGenerator","postProcessResponse"],"fullName":" ConfidenceResponseGenerator postProcessResponse should add very low confidence prefix","status":"pending","title":"should add very low confidence prefix","duration":0,"failureMessages":[]},{"ancestorTitles":["","ConfidenceResponseGenerator","postProcessResponse"],"fullName":" ConfidenceResponseGenerator postProcessResponse should add uncertainty warning when needed","status":"pending","title":"should add uncertainty warning when needed","duration":0,"failureMessages":[]},{"ancestorTitles":["","ConfidenceResponseGenerator","analyzeResponseQuality"],"fullName":" ConfidenceResponseGenerator analyzeResponseQuality should analyze high quality response","status":"pending","title":"should analyze high quality response","duration":0,"failureMessages":[]},{"ancestorTitles":["","ConfidenceResponseGenerator","analyzeResponseQuality"],"fullName":" ConfidenceResponseGenerator analyzeResponseQuality should detect low uncertainty","status":"pending","title":"should detect low uncertainty","duration":0,"failureMessages":[]},{"ancestorTitles":["","ConfidenceResponseGenerator","analyzeResponseQuality"],"fullName":" ConfidenceResponseGenerator analyzeResponseQuality should suggest human review for low confidence","status":"pending","title":"should suggest human review for low confidence","duration":0,"failureMessages":[]},{"ancestorTitles":["","ConfidenceResponseGenerator","analyzeResponseQuality"],"fullName":" ConfidenceResponseGenerator analyzeResponseQuality should detect high uncertainty","status":"pending","title":"should detect high uncertainty","duration":0,"failureMessages":[]},{"ancestorTitles":["","ConfidenceResponseGenerator","temperature adjustment"],"fullName":" ConfidenceResponseGenerator temperature adjustment should maintain temperature for high confidence","status":"pending","title":"should maintain temperature for high confidence","duration":0,"failureMessages":[]},{"ancestorTitles":["","ConfidenceResponseGenerator","temperature adjustment"],"fullName":" ConfidenceResponseGenerator temperature adjustment should cap temperature at maximum","status":"pending","title":"should cap temperature at maximum","duration":0,"failureMessages":[]},{"ancestorTitles":["","ConfidenceResponseGenerator","temperature adjustment"],"fullName":" ConfidenceResponseGenerator temperature adjustment should ensure minimum temperature","status":"pending","title":"should ensure minimum temperature","duration":0,"failureMessages":[]}],"startTime":1752859167210,"endTime":1752859167213,"status":"passed","message":"","name":"/home/pricepro2006/CrewAI_Team/src/core/rag/confidence/ConfidenceResponseGenerator.test.ts"},{"assertionResults":[],"startTime":1752859165346,"endTime":1752859165346,"status":"failed","message":"Failed to load url ../../config/confidence.config (resolved id: ../../config/confidence.config) in /home/pricepro2006/CrewAI_Team/src/core/rag/confidence/MultiModalEvaluator.ts. Does the file exist?","name":"/home/pricepro2006/CrewAI_Team/src/core/rag/confidence/MultiModalEvaluator.test.ts"},{"assertionResults":[{"ancestorTitles":["","QueryComplexityAnalyzer","assessComplexity"],"fullName":" QueryComplexityAnalyzer assessComplexity should assess simple queries correctly","status":"pending","title":"should assess simple queries correctly","duration":0,"failureMessages":[]},{"ancestorTitles":["","QueryComplexityAnalyzer","assessComplexity"],"fullName":" QueryComplexityAnalyzer assessComplexity should assess moderate queries correctly","status":"pending","title":"should assess moderate queries correctly","duration":0,"failureMessages":[]},{"ancestorTitles":["","QueryComplexityAnalyzer","assessComplexity"],"fullName":" QueryComplexityAnalyzer assessComplexity should assess complex technical queries correctly","status":"pending","title":"should assess complex technical queries correctly","duration":0,"failureMessages":[]},{"ancestorTitles":["","QueryComplexityAnalyzer","assessComplexity"],"fullName":" QueryComplexityAnalyzer assessComplexity should detect multi-intent queries","status":"pending","title":"should detect multi-intent queries","duration":0,"failureMessages":[]},{"ancestorTitles":["","QueryComplexityAnalyzer","assessComplexity"],"fullName":" QueryComplexityAnalyzer assessComplexity should detect ambiguous queries","status":"pending","title":"should detect ambiguous queries","duration":0,"failureMessages":[]},{"ancestorTitles":["","QueryComplexityAnalyzer","technical term extraction"],"fullName":" QueryComplexityAnalyzer technical term extraction should extract common technical terms","status":"pending","title":"should extract common technical terms","duration":0,"failureMessages":[]},{"ancestorTitles":["","QueryComplexityAnalyzer","technical term extraction"],"fullName":" QueryComplexityAnalyzer technical term extraction should extract programming-specific terms","status":"pending","title":"should extract programming-specific terms","duration":0,"failureMessages":[]},{"ancestorTitles":["","QueryComplexityAnalyzer","domain detection"],"fullName":" QueryComplexityAnalyzer domain detection should detect technical domain","status":"pending","title":"should detect technical domain","duration":0,"failureMessages":[]},{"ancestorTitles":["","QueryComplexityAnalyzer","domain detection"],"fullName":" QueryComplexityAnalyzer domain detection should detect business domain","status":"pending","title":"should detect business domain","duration":0,"failureMessages":[]},{"ancestorTitles":["","QueryComplexityAnalyzer","domain detection"],"fullName":" QueryComplexityAnalyzer domain detection should detect multiple domains","status":"pending","title":"should detect multiple domains","duration":0,"failureMessages":[]},{"ancestorTitles":["","QueryComplexityAnalyzer","question type detection"],"fullName":" QueryComplexityAnalyzer question type detection should detect factual questions","status":"pending","title":"should detect factual questions","duration":0,"failureMessages":[]},{"ancestorTitles":["","QueryComplexityAnalyzer","question type detection"],"fullName":" QueryComplexityAnalyzer question type detection should detect explanatory questions","status":"pending","title":"should detect explanatory questions","duration":0,"failureMessages":[]},{"ancestorTitles":["","QueryComplexityAnalyzer","question type detection"],"fullName":" QueryComplexityAnalyzer question type detection should detect comparative questions","status":"pending","title":"should detect comparative questions","duration":0,"failureMessages":[]},{"ancestorTitles":["","QueryComplexityAnalyzer","question type detection"],"fullName":" QueryComplexityAnalyzer question type detection should detect procedural questions","status":"pending","title":"should detect procedural questions","duration":0,"failureMessages":[]},{"ancestorTitles":["","QueryComplexityAnalyzer","complexity factors"],"fullName":" QueryComplexityAnalyzer complexity factors should calculate length factor correctly","status":"pending","title":"should calculate length factor correctly","duration":0,"failureMessages":[]},{"ancestorTitles":["","QueryComplexityAnalyzer","complexity factors"],"fullName":" QueryComplexityAnalyzer complexity factors should detect missing context","status":"pending","title":"should detect missing context","duration":0,"failureMessages":[]},{"ancestorTitles":["","QueryComplexityAnalyzer","getExpectedDomains"],"fullName":" QueryComplexityAnalyzer getExpectedDomains should return expected domains for a query","status":"pending","title":"should return expected domains for a query","duration":0,"failureMessages":[]},{"ancestorTitles":["","QueryComplexityAnalyzer","getComplexityCategory"],"fullName":" QueryComplexityAnalyzer getComplexityCategory should categorize complexity correctly","status":"pending","title":"should categorize complexity correctly","duration":1,"failureMessages":[]},{"ancestorTitles":["","QueryComplexityAnalyzer","edge cases"],"fullName":" QueryComplexityAnalyzer edge cases should handle empty queries","status":"pending","title":"should handle empty queries","duration":0,"failureMessages":[]},{"ancestorTitles":["","QueryComplexityAnalyzer","edge cases"],"fullName":" QueryComplexityAnalyzer edge cases should handle queries with only punctuation","status":"pending","title":"should handle queries with only punctuation","duration":0,"failureMessages":[]},{"ancestorTitles":["","QueryComplexityAnalyzer","edge cases"],"fullName":" QueryComplexityAnalyzer edge cases should handle very long single words","status":"pending","title":"should handle very long single words","duration":0,"failureMessages":[]}],"startTime":1752859166723,"endTime":1752859166725,"status":"passed","message":"","name":"/home/pricepro2006/CrewAI_Team/src/core/rag/confidence/QueryComplexityAnalyzer.test.ts"},{"assertionResults":[],"startTime":1752859165346,"endTime":1752859165346,"status":"failed","message":"Transform failed with 2 errors:\n/home/pricepro2006/CrewAI_Team/src/core/rag/confidence/__tests__/AdaptiveDeliveryManager.test.ts:284:17: ERROR: Declarations with the name \"eval\" cannot be used in an ECMAScript module\n/home/pricepro2006/CrewAI_Team/src/core/rag/confidence/__tests__/AdaptiveDeliveryManager.test.ts:305:17: ERROR: Declarations with the name \"eval\" cannot be used in an ECMAScript module","name":"/home/pricepro2006/CrewAI_Team/src/core/rag/confidence/__tests__/AdaptiveDeliveryManager.test.ts"},{"assertionResults":[{"ancestorTitles":["","PerformanceOptimizer","Cache functionality"],"fullName":" PerformanceOptimizer Cache functionality should cache results and return from cache on subsequent calls","status":"pending","title":"should cache results and return from cache on subsequent calls","duration":0,"failureMessages":[]},{"ancestorTitles":["","PerformanceOptimizer","Cache functionality"],"fullName":" PerformanceOptimizer Cache functionality should respect TTL and refresh cache after expiry","status":"pending","title":"should respect TTL and refresh cache after expiry","duration":0,"failureMessages":[]},{"ancestorTitles":["","PerformanceOptimizer","Cache functionality"],"fullName":" PerformanceOptimizer Cache functionality should handle cache disabled mode","status":"pending","title":"should handle cache disabled mode","duration":0,"failureMessages":[]},{"ancestorTitles":["","PerformanceOptimizer","Batching functionality"],"fullName":" PerformanceOptimizer Batching functionality should batch multiple requests together","status":"pending","title":"should batch multiple requests together","duration":0,"failureMessages":[]},{"ancestorTitles":["","PerformanceOptimizer","Batching functionality"],"fullName":" PerformanceOptimizer Batching functionality should process partial batch after timeout","status":"pending","title":"should process partial batch after timeout","duration":0,"failureMessages":[]},{"ancestorTitles":["","PerformanceOptimizer","Batching functionality"],"fullName":" PerformanceOptimizer Batching functionality should handle batch errors gracefully","status":"pending","title":"should handle batch errors gracefully","duration":0,"failureMessages":[]},{"ancestorTitles":["","PerformanceOptimizer","Batching functionality"],"fullName":" PerformanceOptimizer Batching functionality should handle batching disabled mode","status":"pending","title":"should handle batching disabled mode","duration":0,"failureMessages":[]},{"ancestorTitles":["","PerformanceOptimizer","Key generation"],"fullName":" PerformanceOptimizer Key generation should generate consistent query keys","status":"pending","title":"should generate consistent query keys","duration":0,"failureMessages":[]},{"ancestorTitles":["","PerformanceOptimizer","Key generation"],"fullName":" PerformanceOptimizer Key generation should generate different keys for different inputs","status":"pending","title":"should generate different keys for different inputs","duration":0,"failureMessages":[]},{"ancestorTitles":["","PerformanceOptimizer","Key generation"],"fullName":" PerformanceOptimizer Key generation should generate consistent document keys","status":"pending","title":"should generate consistent document keys","duration":0,"failureMessages":[]},{"ancestorTitles":["","PerformanceOptimizer","Key generation"],"fullName":" PerformanceOptimizer Key generation should handle document order independence","status":"pending","title":"should handle document order independence","duration":0,"failureMessages":[]},{"ancestorTitles":["","PerformanceOptimizer","Document optimization"],"fullName":" PerformanceOptimizer Document optimization should optimize document retrieval by confidence score","status":"pending","title":"should optimize document retrieval by confidence score","duration":0,"failureMessages":[]},{"ancestorTitles":["","PerformanceOptimizer","Document optimization"],"fullName":" PerformanceOptimizer Document optimization should respect topK limit","status":"pending","title":"should respect topK limit","duration":0,"failureMessages":[]},{"ancestorTitles":["","PerformanceOptimizer","Token optimization"],"fullName":" PerformanceOptimizer Token optimization should optimize token confidence by keeping high confidence tokens","status":"pending","title":"should optimize token confidence by keeping high confidence tokens","duration":0,"failureMessages":[]},{"ancestorTitles":["","PerformanceOptimizer","Token optimization"],"fullName":" PerformanceOptimizer Token optimization should return all tokens if under max limit","status":"pending","title":"should return all tokens if under max limit","duration":0,"failureMessages":[]},{"ancestorTitles":["","PerformanceOptimizer","Model suggestion"],"fullName":" PerformanceOptimizer Model suggestion should suggest appropriate model based on complexity","status":"pending","title":"should suggest appropriate model based on complexity","duration":0,"failureMessages":[]},{"ancestorTitles":["","PerformanceOptimizer","Model suggestion"],"fullName":" PerformanceOptimizer Model suggestion should return default model when model switching is disabled","status":"pending","title":"should return default model when model switching is disabled","duration":0,"failureMessages":[]},{"ancestorTitles":["","PerformanceOptimizer","Statistics and metrics"],"fullName":" PerformanceOptimizer Statistics and metrics should track cache statistics","status":"pending","title":"should track cache statistics","duration":0,"failureMessages":[]},{"ancestorTitles":["","PerformanceOptimizer","Statistics and metrics"],"fullName":" PerformanceOptimizer Statistics and metrics should clear cache and reset metrics","status":"pending","title":"should clear cache and reset metrics","duration":0,"failureMessages":[]},{"ancestorTitles":["","PerformanceOptimizer","Resource monitoring"],"fullName":" PerformanceOptimizer Resource monitoring should get resource metrics","status":"pending","title":"should get resource metrics","duration":0,"failureMessages":[]}],"startTime":1752859166886,"endTime":1752859166890,"status":"passed","message":"","name":"/home/pricepro2006/CrewAI_Team/src/core/rag/confidence/__tests__/PerformanceOptimizer.test.ts"},{"assertionResults":[{"ancestorTitles":["","CoherenceAnalyzer","analyzeCoherence"],"fullName":" CoherenceAnalyzer analyzeCoherence should score high for well-structured responses","status":"pending","title":"should score high for well-structured responses","duration":0,"failureMessages":[]},{"ancestorTitles":["","CoherenceAnalyzer","analyzeCoherence"],"fullName":" CoherenceAnalyzer analyzeCoherence should score low for incoherent responses","status":"pending","title":"should score low for incoherent responses","duration":0,"failureMessages":[]},{"ancestorTitles":["","CoherenceAnalyzer","analyzeCoherence"],"fullName":" CoherenceAnalyzer analyzeCoherence should handle empty response","status":"pending","title":"should handle empty response","duration":0,"failureMessages":[]},{"ancestorTitles":["","CoherenceAnalyzer","analyzeCoherence"],"fullName":" CoherenceAnalyzer analyzeCoherence should handle single sentence","status":"pending","title":"should handle single sentence","duration":0,"failureMessages":[]},{"ancestorTitles":["","CoherenceAnalyzer","checkLogicalFlow"],"fullName":" CoherenceAnalyzer checkLogicalFlow should detect good logical flow with transitions","status":"pending","title":"should detect good logical flow with transitions","duration":0,"failureMessages":[]},{"ancestorTitles":["","CoherenceAnalyzer","checkLogicalFlow"],"fullName":" CoherenceAnalyzer checkLogicalFlow should detect poor logical flow","status":"pending","title":"should detect poor logical flow","duration":0,"failureMessages":[]},{"ancestorTitles":["","CoherenceAnalyzer","checkLogicalFlow"],"fullName":" CoherenceAnalyzer checkLogicalFlow should identify transition words","status":"pending","title":"should identify transition words","duration":0,"failureMessages":[]},{"ancestorTitles":["","CoherenceAnalyzer","checkLogicalFlow"],"fullName":" CoherenceAnalyzer checkLogicalFlow should handle sentences without transitions","status":"pending","title":"should handle sentences without transitions","duration":0,"failureMessages":[]},{"ancestorTitles":["","CoherenceAnalyzer","assessTopicConsistency"],"fullName":" CoherenceAnalyzer assessTopicConsistency should detect consistent topic focus","status":"pending","title":"should detect consistent topic focus","duration":0,"failureMessages":[]},{"ancestorTitles":["","CoherenceAnalyzer","assessTopicConsistency"],"fullName":" CoherenceAnalyzer assessTopicConsistency should detect topic drift","status":"pending","title":"should detect topic drift","duration":0,"failureMessages":[]},{"ancestorTitles":["","CoherenceAnalyzer","assessTopicConsistency"],"fullName":" CoherenceAnalyzer assessTopicConsistency should identify main topics","status":"pending","title":"should identify main topics","duration":0,"failureMessages":[]},{"ancestorTitles":["","CoherenceAnalyzer","assessTopicConsistency"],"fullName":" CoherenceAnalyzer assessTopicConsistency should handle diverse but related topics","status":"pending","title":"should handle diverse but related topics","duration":0,"failureMessages":[]},{"ancestorTitles":["","CoherenceAnalyzer","calculateReadability"],"fullName":" CoherenceAnalyzer calculateReadability should score high for clear, simple text","status":"pending","title":"should score high for clear, simple text","duration":0,"failureMessages":[]},{"ancestorTitles":["","CoherenceAnalyzer","calculateReadability"],"fullName":" CoherenceAnalyzer calculateReadability should score lower for complex text","status":"pending","title":"should score lower for complex text","duration":0,"failureMessages":[]},{"ancestorTitles":["","CoherenceAnalyzer","calculateReadability"],"fullName":" CoherenceAnalyzer calculateReadability should calculate sentence length metrics","status":"pending","title":"should calculate sentence length metrics","duration":0,"failureMessages":[]},{"ancestorTitles":["","CoherenceAnalyzer","calculateReadability"],"fullName":" CoherenceAnalyzer calculateReadability should identify complex words","status":"pending","title":"should identify complex words","duration":0,"failureMessages":[]},{"ancestorTitles":["","CoherenceAnalyzer","getCoherenceBreakdown"],"fullName":" CoherenceAnalyzer getCoherenceBreakdown should provide complete breakdown","status":"pending","title":"should provide complete breakdown","duration":0,"failureMessages":[]},{"ancestorTitles":["","CoherenceAnalyzer","getCoherenceBreakdown"],"fullName":" CoherenceAnalyzer getCoherenceBreakdown should provide improvement suggestions","status":"pending","title":"should provide improvement suggestions","duration":0,"failureMessages":[]},{"ancestorTitles":["","CoherenceAnalyzer","getCoherenceBreakdown"],"fullName":" CoherenceAnalyzer getCoherenceBreakdown should not suggest improvements for coherent text","status":"pending","title":"should not suggest improvements for coherent text","duration":0,"failureMessages":[]},{"ancestorTitles":["","CoherenceAnalyzer","edge cases"],"fullName":" CoherenceAnalyzer edge cases should handle text with only punctuation","status":"pending","title":"should handle text with only punctuation","duration":0,"failureMessages":[]},{"ancestorTitles":["","CoherenceAnalyzer","edge cases"],"fullName":" CoherenceAnalyzer edge cases should handle text with repeated sentences","status":"pending","title":"should handle text with repeated sentences","duration":0,"failureMessages":[]},{"ancestorTitles":["","CoherenceAnalyzer","edge cases"],"fullName":" CoherenceAnalyzer edge cases should handle text with unicode characters","status":"pending","title":"should handle text with unicode characters","duration":0,"failureMessages":[]},{"ancestorTitles":["","CoherenceAnalyzer","edge cases"],"fullName":" CoherenceAnalyzer edge cases should handle very long sentences","status":"pending","title":"should handle very long sentences","duration":0,"failureMessages":[]}],"startTime":1752859166776,"endTime":1752859166777,"status":"passed","message":"","name":"/home/pricepro2006/CrewAI_Team/src/core/rag/confidence/evaluators/CoherenceAnalyzer.test.ts"},{"assertionResults":[{"ancestorTitles":["","FactualityChecker","checkFactuality"],"fullName":" FactualityChecker checkFactuality should score high for responses supported by sources","status":"pending","title":"should score high for responses supported by sources","duration":0,"failureMessages":[]},{"ancestorTitles":["","FactualityChecker","checkFactuality"],"fullName":" FactualityChecker checkFactuality should score low for unsupported claims","status":"pending","title":"should score low for unsupported claims","duration":0,"failureMessages":[]},{"ancestorTitles":["","FactualityChecker","checkFactuality"],"fullName":" FactualityChecker checkFactuality should handle empty response","status":"pending","title":"should handle empty response","duration":0,"failureMessages":[]},{"ancestorTitles":["","FactualityChecker","checkFactuality"],"fullName":" FactualityChecker checkFactuality should handle empty sources","status":"pending","title":"should handle empty sources","duration":0,"failureMessages":[]},{"ancestorTitles":["","FactualityChecker","extractClaims"],"fullName":" FactualityChecker extractClaims should extract individual claims from response","status":"pending","title":"should extract individual claims from response","duration":0,"failureMessages":[]},{"ancestorTitles":["","FactualityChecker","extractClaims"],"fullName":" FactualityChecker extractClaims should handle single sentence","status":"pending","title":"should handle single sentence","duration":0,"failureMessages":[]},{"ancestorTitles":["","FactualityChecker","extractClaims"],"fullName":" FactualityChecker extractClaims should filter out very short sentences","status":"pending","title":"should filter out very short sentences","duration":0,"failureMessages":[]},{"ancestorTitles":["","FactualityChecker","extractClaims"],"fullName":" FactualityChecker extractClaims should handle questions and exclamations","status":"pending","title":"should handle questions and exclamations","duration":0,"failureMessages":[]},{"ancestorTitles":["","FactualityChecker","verifyClaim"],"fullName":" FactualityChecker verifyClaim should verify exact matches","status":"pending","title":"should verify exact matches","duration":3,"failureMessages":[]},{"ancestorTitles":["","FactualityChecker","verifyClaim"],"fullName":" FactualityChecker verifyClaim should verify partial matches","status":"pending","title":"should verify partial matches","duration":0,"failureMessages":[]},{"ancestorTitles":["","FactualityChecker","verifyClaim"],"fullName":" FactualityChecker verifyClaim should give low score for unverifiable claims","status":"pending","title":"should give low score for unverifiable claims","duration":0,"failureMessages":[]},{"ancestorTitles":["","FactualityChecker","verifyClaim"],"fullName":" FactualityChecker verifyClaim should handle keyword overlap","status":"pending","title":"should handle keyword overlap","duration":0,"failureMessages":[]},{"ancestorTitles":["","FactualityChecker","calculateSupport"],"fullName":" FactualityChecker calculateSupport should calculate high support for well-sourced responses","status":"pending","title":"should calculate high support for well-sourced responses","duration":0,"failureMessages":[]},{"ancestorTitles":["","FactualityChecker","calculateSupport"],"fullName":" FactualityChecker calculateSupport should identify unsupported claims","status":"pending","title":"should identify unsupported claims","duration":0,"failureMessages":[]},{"ancestorTitles":["","FactualityChecker","calculateSupport"],"fullName":" FactualityChecker calculateSupport should provide detailed support breakdown","status":"pending","title":"should provide detailed support breakdown","duration":0,"failureMessages":[]},{"ancestorTitles":["","FactualityChecker","edge cases"],"fullName":" FactualityChecker edge cases should handle responses with only punctuation","status":"pending","title":"should handle responses with only punctuation","duration":0,"failureMessages":[]},{"ancestorTitles":["","FactualityChecker","edge cases"],"fullName":" FactualityChecker edge cases should handle very long responses","status":"pending","title":"should handle very long responses","duration":0,"failureMessages":[]},{"ancestorTitles":["","FactualityChecker","edge cases"],"fullName":" FactualityChecker edge cases should handle responses with special characters","status":"pending","title":"should handle responses with special characters","duration":0,"failureMessages":[]}],"startTime":1752859168044,"endTime":1752859168049,"status":"passed","message":"","name":"/home/pricepro2006/CrewAI_Team/src/core/rag/confidence/evaluators/FactualityChecker.test.ts"},{"assertionResults":[{"ancestorTitles":["","RelevanceScorer","scoreRelevance"],"fullName":" RelevanceScorer scoreRelevance should score high for directly relevant responses","status":"pending","title":"should score high for directly relevant responses","duration":0,"failureMessages":[]},{"ancestorTitles":["","RelevanceScorer","scoreRelevance"],"fullName":" RelevanceScorer scoreRelevance should score low for irrelevant responses","status":"pending","title":"should score low for irrelevant responses","duration":0,"failureMessages":[]},{"ancestorTitles":["","RelevanceScorer","scoreRelevance"],"fullName":" RelevanceScorer scoreRelevance should handle empty query","status":"pending","title":"should handle empty query","duration":0,"failureMessages":[]},{"ancestorTitles":["","RelevanceScorer","scoreRelevance"],"fullName":" RelevanceScorer scoreRelevance should handle empty response","status":"pending","title":"should handle empty response","duration":0,"failureMessages":[]},{"ancestorTitles":["","RelevanceScorer","scoreRelevance"],"fullName":" RelevanceScorer scoreRelevance should handle partial relevance","status":"pending","title":"should handle partial relevance","duration":0,"failureMessages":[]},{"ancestorTitles":["","RelevanceScorer","calculateSemanticSimilarity"],"fullName":" RelevanceScorer calculateSemanticSimilarity should calculate high similarity for related texts","status":"pending","title":"should calculate high similarity for related texts","duration":0,"failureMessages":[]},{"ancestorTitles":["","RelevanceScorer","calculateSemanticSimilarity"],"fullName":" RelevanceScorer calculateSemanticSimilarity should calculate low similarity for unrelated texts","status":"pending","title":"should calculate low similarity for unrelated texts","duration":0,"failureMessages":[]},{"ancestorTitles":["","RelevanceScorer","calculateSemanticSimilarity"],"fullName":" RelevanceScorer calculateSemanticSimilarity should handle identical texts","status":"pending","title":"should handle identical texts","duration":0,"failureMessages":[]},{"ancestorTitles":["","RelevanceScorer","calculateSemanticSimilarity"],"fullName":" RelevanceScorer calculateSemanticSimilarity should be case insensitive","status":"pending","title":"should be case insensitive","duration":1,"failureMessages":[]},{"ancestorTitles":["","RelevanceScorer","assessQueryCoverage"],"fullName":" RelevanceScorer assessQueryCoverage should detect full query coverage","status":"pending","title":"should detect full query coverage","duration":0,"failureMessages":[]},{"ancestorTitles":["","RelevanceScorer","assessQueryCoverage"],"fullName":" RelevanceScorer assessQueryCoverage should identify missed query terms","status":"pending","title":"should identify missed query terms","duration":0,"failureMessages":[]},{"ancestorTitles":["","RelevanceScorer","assessQueryCoverage"],"fullName":" RelevanceScorer assessQueryCoverage should handle question words appropriately","status":"pending","title":"should handle question words appropriately","duration":0,"failureMessages":[]},{"ancestorTitles":["","RelevanceScorer","assessQueryCoverage"],"fullName":" RelevanceScorer assessQueryCoverage should calculate coverage ratio correctly","status":"pending","title":"should calculate coverage ratio correctly","duration":0,"failureMessages":[]},{"ancestorTitles":["","RelevanceScorer","detectAnswerType"],"fullName":" RelevanceScorer detectAnswerType should detect definition answers","status":"pending","title":"should detect definition answers","duration":0,"failureMessages":[]},{"ancestorTitles":["","RelevanceScorer","detectAnswerType"],"fullName":" RelevanceScorer detectAnswerType should detect explanation answers","status":"pending","title":"should detect explanation answers","duration":0,"failureMessages":[]},{"ancestorTitles":["","RelevanceScorer","detectAnswerType"],"fullName":" RelevanceScorer detectAnswerType should detect list answers","status":"pending","title":"should detect list answers","duration":0,"failureMessages":[]},{"ancestorTitles":["","RelevanceScorer","detectAnswerType"],"fullName":" RelevanceScorer detectAnswerType should detect comparison answers","status":"pending","title":"should detect comparison answers","duration":0,"failureMessages":[]},{"ancestorTitles":["","RelevanceScorer","detectAnswerType"],"fullName":" RelevanceScorer detectAnswerType should default to general for unclear types","status":"pending","title":"should default to general for unclear types","duration":0,"failureMessages":[]},{"ancestorTitles":["","RelevanceScorer","edge cases"],"fullName":" RelevanceScorer edge cases should handle very short inputs","status":"pending","title":"should handle very short inputs","duration":0,"failureMessages":[]},{"ancestorTitles":["","RelevanceScorer","edge cases"],"fullName":" RelevanceScorer edge cases should handle special characters","status":"pending","title":"should handle special characters","duration":0,"failureMessages":[]},{"ancestorTitles":["","RelevanceScorer","edge cases"],"fullName":" RelevanceScorer edge cases should handle multilingual content gracefully","status":"pending","title":"should handle multilingual content gracefully","duration":0,"failureMessages":[]},{"ancestorTitles":["","RelevanceScorer","edge cases"],"fullName":" RelevanceScorer edge cases should handle very long texts","status":"pending","title":"should handle very long texts","duration":0,"failureMessages":[]}],"startTime":1752859168049,"endTime":1752859168053,"status":"passed","message":"","name":"/home/pricepro2006/CrewAI_Team/src/core/rag/confidence/evaluators/RelevanceScorer.test.ts"},{"assertionResults":[{"ancestorTitles":["","Confidence Evaluators Integration","FactualityChecker"],"fullName":" Confidence Evaluators Integration FactualityChecker should have checkFactuality method","status":"pending","title":"should have checkFactuality method","duration":1,"failureMessages":[]},{"ancestorTitles":["","Confidence Evaluators Integration","FactualityChecker"],"fullName":" Confidence Evaluators Integration FactualityChecker should return factuality score","status":"pending","title":"should return factuality score","duration":0,"failureMessages":[]},{"ancestorTitles":["","Confidence Evaluators Integration","RelevanceScorer"],"fullName":" Confidence Evaluators Integration RelevanceScorer should have calculateRelevance method","status":"pending","title":"should have calculateRelevance method","duration":0,"failureMessages":[]},{"ancestorTitles":["","Confidence Evaluators Integration","RelevanceScorer"],"fullName":" Confidence Evaluators Integration RelevanceScorer should return relevance result","status":"pending","title":"should return relevance result","duration":0,"failureMessages":[]},{"ancestorTitles":["","Confidence Evaluators Integration","CoherenceAnalyzer"],"fullName":" Confidence Evaluators Integration CoherenceAnalyzer should have evaluateCoherence method","status":"pending","title":"should have evaluateCoherence method","duration":0,"failureMessages":[]},{"ancestorTitles":["","Confidence Evaluators Integration","CoherenceAnalyzer"],"fullName":" Confidence Evaluators Integration CoherenceAnalyzer should return coherence result","status":"pending","title":"should return coherence result","duration":0,"failureMessages":[]},{"ancestorTitles":["","Confidence Evaluators Integration","Combined evaluation"],"fullName":" Confidence Evaluators Integration Combined evaluation should work together for complete evaluation","status":"pending","title":"should work together for complete evaluation","duration":0,"failureMessages":[]}],"startTime":1752859168159,"endTime":1752859168161,"status":"passed","message":"","name":"/home/pricepro2006/CrewAI_Team/src/core/rag/confidence/evaluators/integration.test.ts"}]}